2019-01-31 13:16:40.699 [INFO ] [JavaFX Application Thread] MainWindow - -----------Application start------------
2019-01-31 13:16:40.723 [INFO ] [JavaFX Application Thread] GlobalVariables - Loaded configuration file
2019-01-31 13:16:41.309 [INFO ] [EventThread] MainViewController - Connecting...
2019-01-31 13:16:41.344 [INFO ] [EventThread] MainViewController - Connected to the web server. Authorising...
2019-01-31 13:16:47.403 [INFO ] [EventThread] MainViewController - `Disconnected
2019-01-31 13:16:48.003 [INFO ] [EventThread] MainViewController - Reconnecting...
2019-01-31 13:16:49.811 [INFO ] [EventThread] MainViewController - Reconnecting...
2019-01-31 13:16:49.827 [INFO ] [EventThread] MainViewController - Connected to the web server. Authorising...
2019-01-31 13:16:49.966 [INFO ] [EventThread] MainViewController - Authorised!
2019-01-31 13:16:49.967 [INFO ] [EventThread] MainViewController - Authorised!
2019-01-31 13:34:22.367 [INFO ] [JavaFX Application Thread] MainWindow - -----------Application start------------
2019-01-31 13:34:22.403 [INFO ] [JavaFX Application Thread] GlobalVariables - Loaded configuration file
2019-01-31 13:34:23.070 [INFO ] [EventThread] MainViewController - Connecting...
2019-01-31 13:34:23.109 [INFO ] [EventThread] MainViewController - Connected to the web server. Authorising...
2019-01-31 13:34:23.302 [INFO ] [EventThread] MainViewController - Authorised!
2019-01-31 13:46:21.047 [INFO ] [JavaFX Application Thread] MainWindow - -----------Application start------------
2019-01-31 13:46:21.086 [INFO ] [JavaFX Application Thread] GlobalVariables - Loaded configuration file
2019-01-31 13:46:21.722 [INFO ] [EventThread] MainViewController - Connecting...
2019-01-31 13:46:21.762 [INFO ] [EventThread] MainViewController - Connected to the web server. Authorising...
2019-01-31 13:46:21.895 [INFO ] [EventThread] MainViewController - Authorised!
2019-01-31 13:48:16.970 [INFO ] [JavaFX Application Thread] MainWindow - -----------Application start------------
2019-01-31 13:48:17.011 [INFO ] [JavaFX Application Thread] GlobalVariables - Loaded configuration file
2019-01-31 13:48:17.639 [INFO ] [EventThread] MainViewController - Connecting...
2019-01-31 13:48:17.674 [INFO ] [EventThread] MainViewController - Connected to the web server. Authorising...
2019-01-31 13:48:17.805 [INFO ] [EventThread] MainViewController - Authorised!
2019-01-31 14:34:20.549 [INFO ] [JavaFX Application Thread] MainWindow - -----------Application start------------
2019-01-31 14:34:20.585 [INFO ] [JavaFX Application Thread] GlobalVariables - Loaded configuration file
2019-01-31 14:34:21.261 [INFO ] [EventThread] MainViewController - Connecting...
2019-01-31 14:34:21.886 [INFO ] [EventThread] MainViewController - Reconnecting...
2019-01-31 14:34:23.834 [INFO ] [EventThread] MainViewController - Reconnecting...
2019-01-31 14:34:28.199 [INFO ] [EventThread] MainViewController - Reconnecting...
2019-01-31 14:36:34.121 [INFO ] [JavaFX Application Thread] MainWindow - -----------Application start------------
2019-01-31 14:36:34.154 [INFO ] [JavaFX Application Thread] GlobalVariables - Loaded configuration file
2019-01-31 14:36:34.716 [INFO ] [EventThread] MainViewController - Connecting...
2019-01-31 14:36:35.800 [INFO ] [EventThread] MainViewController - Reconnecting...
2019-01-31 14:36:37.007 [INFO ] [EventThread] MainViewController - Reconnecting...
2019-01-31 14:36:42.017 [INFO ] [EventThread] MainViewController - Reconnecting...
2019-01-31 14:36:47.026 [INFO ] [EventThread] MainViewController - Reconnecting...
2019-01-31 14:36:52.035 [INFO ] [EventThread] MainViewController - Reconnecting...
2019-01-31 14:36:57.045 [INFO ] [EventThread] MainViewController - Reconnecting...
2019-01-31 14:37:02.054 [INFO ] [EventThread] MainViewController - Reconnecting...
2019-01-31 14:37:07.064 [INFO ] [EventThread] MainViewController - Reconnecting...
2019-01-31 14:37:12.075 [INFO ] [EventThread] MainViewController - Reconnecting...
2019-01-31 14:37:17.081 [INFO ] [EventThread] MainViewController - Reconnecting...
2019-01-31 14:37:22.084 [INFO ] [EventThread] MainViewController - Reconnecting...
2019-01-31 14:37:27.091 [INFO ] [EventThread] MainViewController - Reconnecting...
2019-01-31 14:37:27.127 [INFO ] [EventThread] MainViewController - Connected to the web server. Authorising...
2019-01-31 14:37:27.344 [INFO ] [EventThread] MainViewController - Authorised!
2019-01-31 14:37:32.527 [INFO ] [EventThread] MainViewController - Disconnected
2019-01-31 14:37:33.494 [INFO ] [EventThread] MainViewController - Reconnecting...
2019-01-31 14:37:36.257 [INFO ] [EventThread] MainViewController - Reconnecting...
2019-01-31 14:37:40.199 [INFO ] [EventThread] MainViewController - Reconnecting...
2019-01-31 14:37:45.207 [INFO ] [EventThread] MainViewController - Reconnecting...
2019-01-31 14:37:50.215 [INFO ] [EventThread] MainViewController - Reconnecting...
2019-01-31 14:37:55.223 [INFO ] [EventThread] MainViewController - Reconnecting...
2019-01-31 14:38:00.234 [INFO ] [EventThread] MainViewController - Reconnecting...
2019-01-31 14:38:05.240 [INFO ] [EventThread] MainViewController - Reconnecting...
2019-01-31 14:38:10.249 [INFO ] [EventThread] MainViewController - Reconnecting...
2019-01-31 14:38:15.257 [INFO ] [EventThread] MainViewController - Reconnecting...
2019-01-31 14:38:20.266 [INFO ] [EventThread] MainViewController - Reconnecting...
2019-01-31 14:38:20.291 [INFO ] [EventThread] MainViewController - Connected to the web server. Authorising...
2019-01-31 14:38:20.481 [INFO ] [EventThread] MainViewController - Authorised!
2019-01-31 14:38:20.482 [INFO ] [EventThread] MainViewController - Authorised!
2019-01-31 14:38:28.408 [INFO ] [EventThread] MainViewController - Disconnected
2019-01-31 14:38:29.887 [INFO ] [EventThread] MainViewController - Reconnecting...
2019-01-31 14:38:31.625 [INFO ] [EventThread] MainViewController - Reconnecting...
2019-01-31 14:38:35.136 [INFO ] [EventThread] MainViewController - Reconnecting...
2019-01-31 14:38:40.146 [INFO ] [EventThread] MainViewController - Reconnecting...
2019-01-31 14:38:40.158 [INFO ] [EventThread] MainViewController - Connected to the web server. Authorising...
2019-01-31 14:38:41.031 [INFO ] [EventThread] MainViewController - Authorised!
2019-01-31 14:38:41.032 [INFO ] [EventThread] MainViewController - Authorised!
2019-01-31 14:38:41.033 [INFO ] [EventThread] MainViewController - Authorised!
2019-01-31 14:39:45.931 [INFO ] [JavaFX Application Thread] MainWindow - -----------Application start------------
2019-01-31 14:39:45.960 [INFO ] [JavaFX Application Thread] GlobalVariables - Loaded configuration file
2019-01-31 14:39:46.551 [INFO ] [EventThread] MainViewController - Connecting...
2019-01-31 14:39:46.590 [INFO ] [EventThread] MainViewController - Connected to the web server. Authorising...
2019-01-31 14:39:46.824 [INFO ] [EventThread] MainViewController - Authorised!
2019-01-31 14:39:49.644 [INFO ] [EventThread] MainViewController - Disconnected
2019-01-31 14:39:50.633 [INFO ] [EventThread] MainViewController - Reconnecting...
2019-01-31 14:39:52.171 [INFO ] [EventThread] MainViewController - Reconnecting...
2019-01-31 14:39:52.186 [INFO ] [EventThread] MainViewController - Connected to the web server. Authorising...
2019-01-31 14:39:52.506 [INFO ] [EventThread] MainViewController - Authorised!
2019-01-31 14:39:52.507 [INFO ] [EventThread] MainViewController - Authorised!
2019-01-31 14:39:53.868 [INFO ] [EventThread] MainViewController - Disconnected
2019-01-31 14:39:54.572 [INFO ] [EventThread] MainViewController - Reconnecting...
2019-01-31 14:39:54.594 [INFO ] [EventThread] MainViewController - Connected to the web server. Authorising...
2019-01-31 14:39:54.843 [INFO ] [EventThread] MainViewController - Disconnected
2019-01-31 14:39:55.808 [INFO ] [EventThread] MainViewController - Reconnecting...
2019-01-31 14:39:55.821 [INFO ] [EventThread] MainViewController - Connected to the web server. Authorising...
2019-01-31 14:39:56.651 [INFO ] [EventThread] MainViewController - Authorised!
2019-01-31 14:39:56.652 [INFO ] [EventThread] MainViewController - Authorised!
2019-01-31 14:39:56.652 [INFO ] [EventThread] MainViewController - Authorised!
2019-01-31 14:39:56.653 [INFO ] [EventThread] MainViewController - Authorised!
2019-01-31 14:39:57.741 [INFO ] [EventThread] MainViewController - Disconnected
2019-01-31 14:39:59.219 [INFO ] [EventThread] MainViewController - Reconnecting...
2019-01-31 14:39:59.246 [INFO ] [EventThread] MainViewController - Connected to the web server. Authorising...
2019-01-31 14:40:00.127 [INFO ] [EventThread] MainViewController - Authorised!
2019-01-31 14:40:00.127 [INFO ] [EventThread] MainViewController - Authorised!
2019-01-31 14:40:00.127 [INFO ] [EventThread] MainViewController - Authorised!
2019-01-31 14:40:00.128 [INFO ] [EventThread] MainViewController - Authorised!
2019-01-31 14:40:00.128 [INFO ] [EventThread] MainViewController - Authorised!
2019-01-31 14:42:00.754 [INFO ] [JavaFX Application Thread] MainWindow - -----------Application start------------
2019-01-31 14:42:00.781 [INFO ] [JavaFX Application Thread] GlobalVariables - Loaded configuration file
2019-01-31 14:42:01.392 [INFO ] [EventThread] MainViewController - Connecting...
2019-01-31 14:42:01.428 [INFO ] [EventThread] MainViewController - Connected to the web server. Authorising...
2019-01-31 14:42:01.831 [INFO ] [EventThread] MainViewController - Authorised!
2019-01-31 14:42:04.790 [INFO ] [EventThread] MainViewController - Disconnected
2019-01-31 14:42:05.458 [INFO ] [EventThread] MainViewController - Reconnecting...
2019-01-31 14:42:08.397 [INFO ] [EventThread] MainViewController - Reconnecting...
2019-01-31 14:42:12.331 [INFO ] [EventThread] MainViewController - Reconnecting...
2019-01-31 14:42:12.346 [INFO ] [EventThread] MainViewController - Connected to the web server. Authorising...
2019-01-31 14:42:13.413 [INFO ] [EventThread] MainViewController - Authorised!
2019-01-31 14:42:13.414 [INFO ] [EventThread] MainViewController - Authorised!
2019-01-31 14:45:32.140 [INFO ] [JavaFX Application Thread] MainWindow - -----------Application start------------
2019-01-31 14:45:32.172 [INFO ] [JavaFX Application Thread] GlobalVariables - Loaded configuration file
2019-01-31 14:45:32.776 [INFO ] [EventThread] MainViewController - Connecting...
2019-01-31 14:45:32.817 [INFO ] [EventThread] MainViewController - Connected to the web server. Authorising...
2019-01-31 14:45:33.044 [INFO ] [EventThread] MainViewController - Authorised!
2019-01-31 14:46:13.016 [INFO ] [EventThread] MainViewController - Disconnected
2019-01-31 14:46:13.784 [INFO ] [EventThread] MainViewController - Reconnecting...
2019-01-31 14:46:16.137 [INFO ] [EventThread] MainViewController - Reconnecting...
2019-01-31 14:46:16.152 [INFO ] [EventThread] MainViewController - Connected to the web server. Authorising...
2019-01-31 14:46:16.285 [INFO ] [EventThread] MainViewController - Authorised!
2019-01-31 14:46:16.286 [INFO ] [EventThread] MainViewController - Authorised!
2019-01-31 14:49:21.259 [INFO ] [JavaFX Application Thread] MainWindow - -----------Application start------------
2019-01-31 14:49:21.294 [INFO ] [JavaFX Application Thread] GlobalVariables - Loaded configuration file
2019-01-31 14:49:21.965 [INFO ] [EventThread] MainViewController - Connecting...
2019-01-31 14:49:22.001 [INFO ] [EventThread] MainViewController - Connected to the web server. Authorising...
2019-01-31 14:49:22.147 [INFO ] [EventThread] MainViewController - Authorised!
2019-01-31 14:49:55.638 [INFO ] [JavaFX Application Thread] MainWindow - -----------Application start------------
2019-01-31 14:49:55.673 [INFO ] [JavaFX Application Thread] GlobalVariables - Loaded configuration file
2019-01-31 14:49:56.360 [INFO ] [EventThread] MainViewController - Connecting...
2019-01-31 14:49:56.395 [INFO ] [EventThread] MainViewController - Connected to the web server. Authorising...
2019-01-31 14:49:56.543 [INFO ] [EventThread] MainViewController - Authorised!
2019-01-31 14:50:07.080 [INFO ] [EventThread] MainViewController - Disconnected
2019-01-31 14:50:07.639 [INFO ] [EventThread] MainViewController - Reconnecting...
2019-01-31 14:50:08.997 [INFO ] [EventThread] MainViewController - Reconnecting...
2019-01-31 14:50:12.203 [INFO ] [EventThread] MainViewController - Reconnecting...
2019-01-31 14:50:17.212 [INFO ] [EventThread] MainViewController - Reconnecting...
2019-01-31 14:50:22.219 [INFO ] [EventThread] MainViewController - Reconnecting...
2019-01-31 14:50:27.223 [INFO ] [EventThread] MainViewController - Reconnecting...
2019-01-31 14:50:32.232 [INFO ] [EventThread] MainViewController - Reconnecting...
2019-01-31 14:50:37.241 [INFO ] [EventThread] MainViewController - Reconnecting...
2019-01-31 14:50:42.251 [INFO ] [EventThread] MainViewController - Reconnecting...
2019-01-31 14:50:47.257 [INFO ] [EventThread] MainViewController - Reconnecting...
2019-01-31 14:50:52.269 [INFO ] [EventThread] MainViewController - Reconnecting...
2019-01-31 14:50:57.273 [INFO ] [EventThread] MainViewController - Reconnecting...
2019-01-31 14:51:02.282 [INFO ] [EventThread] MainViewController - Reconnecting...
2019-01-31 14:51:07.293 [INFO ] [EventThread] MainViewController - Reconnecting...
2019-01-31 14:51:12.308 [INFO ] [EventThread] MainViewController - Reconnecting...
2019-01-31 14:51:17.323 [INFO ] [EventThread] MainViewController - Reconnecting...
2019-01-31 14:51:22.334 [INFO ] [EventThread] MainViewController - Reconnecting...
2019-01-31 14:51:27.345 [INFO ] [EventThread] MainViewController - Reconnecting...
2019-01-31 14:51:32.358 [INFO ] [EventThread] MainViewController - Reconnecting...
2019-01-31 14:51:37.366 [INFO ] [EventThread] MainViewController - Reconnecting...
2019-01-31 14:51:42.375 [INFO ] [EventThread] MainViewController - Reconnecting...
2019-01-31 14:51:47.386 [INFO ] [EventThread] MainViewController - Reconnecting...
2019-01-31 14:51:52.396 [INFO ] [EventThread] MainViewController - Reconnecting...
2019-01-31 14:51:57.406 [INFO ] [EventThread] MainViewController - Reconnecting...
2019-01-31 14:52:02.417 [INFO ] [EventThread] MainViewController - Reconnecting...
2019-01-31 14:52:07.424 [INFO ] [EventThread] MainViewController - Reconnecting...
2019-01-31 14:52:12.433 [INFO ] [EventThread] MainViewController - Reconnecting...
2019-01-31 14:52:17.441 [INFO ] [EventThread] MainViewController - Reconnecting...
2019-01-31 14:52:22.447 [INFO ] [EventThread] MainViewController - Reconnecting...
2019-01-31 14:52:27.453 [INFO ] [EventThread] MainViewController - Reconnecting...
2019-01-31 14:52:32.464 [INFO ] [EventThread] MainViewController - Reconnecting...
2019-01-31 14:52:37.473 [INFO ] [EventThread] MainViewController - Reconnecting...
2019-01-31 14:52:42.481 [INFO ] [EventThread] MainViewController - Reconnecting...
2019-01-31 14:52:47.491 [INFO ] [EventThread] MainViewController - Reconnecting...
2019-01-31 14:52:52.501 [INFO ] [EventThread] MainViewController - Reconnecting...
2019-01-31 14:52:57.509 [INFO ] [EventThread] MainViewController - Reconnecting...
2019-01-31 14:53:02.521 [INFO ] [EventThread] MainViewController - Reconnecting...
2019-01-31 14:53:07.528 [INFO ] [EventThread] MainViewController - Reconnecting...
2019-01-31 14:53:12.536 [INFO ] [EventThread] MainViewController - Reconnecting...
2019-01-31 14:53:17.545 [INFO ] [EventThread] MainViewController - Reconnecting...
2019-01-31 14:53:22.549 [INFO ] [EventThread] MainViewController - Reconnecting...
2019-01-31 14:53:27.554 [INFO ] [EventThread] MainViewController - Reconnecting...
2019-01-31 14:53:32.565 [INFO ] [EventThread] MainViewController - Reconnecting...
2019-01-31 14:53:37.572 [INFO ] [EventThread] MainViewController - Reconnecting...
2019-01-31 14:53:42.581 [INFO ] [EventThread] MainViewController - Reconnecting...
2019-01-31 14:53:48.933 [INFO ] [JavaFX Application Thread] MainWindow - -----------Application start------------
2019-01-31 14:53:48.961 [INFO ] [JavaFX Application Thread] GlobalVariables - Loaded configuration file
2019-01-31 14:53:49.600 [INFO ] [EventThread] MainViewController - Connecting...
2019-01-31 14:53:51.104 [INFO ] [EventThread] MainViewController - Reconnecting...
2019-01-31 14:53:52.440 [INFO ] [EventThread] MainViewController - Reconnecting...
2019-01-31 14:53:57.447 [INFO ] [EventThread] MainViewController - Reconnecting...
2019-01-31 14:54:02.456 [INFO ] [EventThread] MainViewController - Reconnecting...
2019-01-31 14:54:07.467 [INFO ] [EventThread] MainViewController - Reconnecting...
2019-01-31 14:54:12.473 [INFO ] [EventThread] MainViewController - Reconnecting...
2019-01-31 14:54:17.480 [INFO ] [EventThread] MainViewController - Reconnecting...
2019-01-31 14:54:22.490 [INFO ] [EventThread] MainViewController - Reconnecting...
2019-01-31 14:54:27.500 [INFO ] [EventThread] MainViewController - Reconnecting...
2019-01-31 14:54:32.510 [INFO ] [EventThread] MainViewController - Reconnecting...
2019-01-31 14:54:37.518 [INFO ] [EventThread] MainViewController - Reconnecting...
2019-01-31 14:54:42.529 [INFO ] [EventThread] MainViewController - Reconnecting...
2019-01-31 14:54:47.534 [INFO ] [EventThread] MainViewController - Reconnecting...
2019-01-31 14:54:52.541 [INFO ] [EventThread] MainViewController - Reconnecting...
2019-01-31 14:54:52.579 [INFO ] [EventThread] MainViewController - Connected to the web server. Authorising...
2019-01-31 14:54:52.982 [INFO ] [EventThread] MainViewController - Authorised!
2019-01-31 14:55:35.022 [INFO ] [EventThread] MainViewController - Disconnected
2019-01-31 14:55:36.288 [INFO ] [EventThread] MainViewController - Reconnecting...
2019-01-31 14:55:36.308 [INFO ] [EventThread] MainViewController - Connected to the web server. Authorising...
2019-01-31 14:55:36.509 [INFO ] [EventThread] MainViewController - Authorised!
2019-01-31 14:55:36.509 [INFO ] [EventThread] MainViewController - Authorised!
2019-01-31 14:55:40.125 [INFO ] [EventThread] MainViewController - Disconnected
2019-01-31 14:55:41.601 [INFO ] [EventThread] MainViewController - Reconnecting...
2019-01-31 14:55:43.127 [INFO ] [EventThread] MainViewController - Reconnecting...
2019-01-31 14:55:45.423 [INFO ] [EventThread] MainViewController - Reconnecting...
2019-01-31 14:55:50.429 [INFO ] [EventThread] MainViewController - Reconnecting...
2019-01-31 14:55:55.438 [INFO ] [EventThread] MainViewController - Reconnecting...
2019-01-31 14:56:00.443 [INFO ] [EventThread] MainViewController - Reconnecting...
2019-01-31 14:56:00.462 [INFO ] [EventThread] MainViewController - Connected to the web server. Authorising...
2019-01-31 14:56:00.597 [INFO ] [EventThread] MainViewController - Authorised!
2019-01-31 14:56:00.598 [INFO ] [EventThread] MainViewController - Authorised!
2019-01-31 14:56:00.598 [INFO ] [EventThread] MainViewController - Authorised!
2019-01-31 14:56:12.965 [INFO ] [EventThread] MainViewController - Disconnected
2019-01-31 14:56:13.966 [INFO ] [EventThread] MainViewController - Reconnecting...
2019-01-31 14:56:13.981 [INFO ] [EventThread] MainViewController - Connected to the web server. Authorising...
2019-01-31 14:56:14.202 [INFO ] [EventThread] MainViewController - Authorised!
2019-01-31 14:56:14.202 [INFO ] [EventThread] MainViewController - Authorised!
2019-01-31 14:56:14.202 [INFO ] [EventThread] MainViewController - Authorised!
2019-01-31 14:56:14.203 [INFO ] [EventThread] MainViewController - Authorised!
2019-01-31 14:56:28.611 [INFO ] [EventThread] MainViewController - Disconnected
2019-01-31 14:56:29.805 [INFO ] [EventThread] MainViewController - Reconnecting...
2019-01-31 14:56:32.778 [INFO ] [EventThread] MainViewController - Reconnecting...
2019-01-31 14:56:35.573 [INFO ] [EventThread] MainViewController - Reconnecting...
2019-01-31 14:56:40.582 [INFO ] [EventThread] MainViewController - Reconnecting...
2019-01-31 14:56:45.590 [INFO ] [EventThread] MainViewController - Reconnecting...
2019-01-31 14:56:50.598 [INFO ] [EventThread] MainViewController - Reconnecting...
2019-01-31 14:56:55.606 [INFO ] [EventThread] MainViewController - Reconnecting...
2019-01-31 14:57:00.615 [INFO ] [EventThread] MainViewController - Reconnecting...
2019-01-31 14:57:05.622 [INFO ] [EventThread] MainViewController - Reconnecting...
2019-01-31 14:57:10.629 [INFO ] [EventThread] MainViewController - Reconnecting...
2019-01-31 14:57:15.637 [INFO ] [EventThread] MainViewController - Reconnecting...
2019-01-31 14:57:20.647 [INFO ] [EventThread] MainViewController - Reconnecting...
2019-01-31 14:57:25.653 [INFO ] [EventThread] MainViewController - Reconnecting...
2019-01-31 14:57:30.658 [INFO ] [EventThread] MainViewController - Reconnecting...
2019-01-31 14:57:35.666 [INFO ] [EventThread] MainViewController - Reconnecting...
2019-01-31 14:57:40.673 [INFO ] [EventThread] MainViewController - Reconnecting...
2019-01-31 14:57:45.684 [INFO ] [EventThread] MainViewController - Reconnecting...
2019-01-31 14:57:50.690 [INFO ] [EventThread] MainViewController - Reconnecting...
2019-01-31 14:57:55.698 [INFO ] [EventThread] MainViewController - Reconnecting...
2019-01-31 14:58:00.704 [INFO ] [EventThread] MainViewController - Reconnecting...
2019-01-31 14:58:05.708 [INFO ] [EventThread] MainViewController - Reconnecting...
2019-01-31 14:58:10.714 [INFO ] [EventThread] MainViewController - Reconnecting...
2019-01-31 14:58:10.728 [INFO ] [EventThread] MainViewController - Connected to the web server. Authorising...
2019-01-31 14:58:10.852 [INFO ] [EventThread] MainViewController - Authorised!
2019-01-31 14:58:10.853 [INFO ] [EventThread] MainViewController - Authorised!
2019-01-31 14:58:10.853 [INFO ] [EventThread] MainViewController - Authorised!
2019-01-31 14:58:10.853 [INFO ] [EventThread] MainViewController - Authorised!
2019-01-31 14:58:10.853 [INFO ] [EventThread] MainViewController - Authorised!
2019-01-31 15:18:19.054 [INFO ] [JavaFX Application Thread] MainWindow - -----------Application start------------
2019-01-31 15:18:19.093 [INFO ] [JavaFX Application Thread] GlobalVariables - Loaded configuration file
2019-01-31 15:18:19.701 [INFO ] [EventThread] MainViewController - Connecting...
2019-01-31 15:18:19.742 [INFO ] [EventThread] MainViewController - Connected to the web server. Authorising...
2019-01-31 15:18:19.900 [INFO ] [EventThread] MainViewController - Authorised!
2019-01-31 15:18:50.757 [INFO ] [EventThread] MainViewController - Disconnected
2019-01-31 15:18:51.933 [INFO ] [EventThread] MainViewController - Reconnecting...
2019-01-31 15:18:53.345 [INFO ] [EventThread] MainViewController - Reconnecting...
2019-01-31 15:18:57.226 [INFO ] [EventThread] MainViewController - Reconnecting...
2019-01-31 15:19:02.235 [INFO ] [EventThread] MainViewController - Reconnecting...
2019-01-31 15:19:07.244 [INFO ] [EventThread] MainViewController - Reconnecting...
2019-01-31 15:19:12.251 [INFO ] [EventThread] MainViewController - Reconnecting...
2019-01-31 15:19:17.258 [INFO ] [EventThread] MainViewController - Reconnecting...
2019-01-31 15:19:22.263 [INFO ] [EventThread] MainViewController - Reconnecting...
2019-01-31 15:19:27.275 [INFO ] [EventThread] MainViewController - Reconnecting...
2019-01-31 15:19:32.284 [INFO ] [EventThread] MainViewController - Reconnecting...
2019-01-31 15:19:37.291 [INFO ] [EventThread] MainViewController - Reconnecting...
2019-01-31 15:19:42.296 [INFO ] [EventThread] MainViewController - Reconnecting...
2019-01-31 15:19:47.311 [INFO ] [EventThread] MainViewController - Reconnecting...
2019-01-31 15:19:52.320 [INFO ] [EventThread] MainViewController - Reconnecting...
2019-01-31 15:19:57.329 [INFO ] [EventThread] MainViewController - Reconnecting...
2019-01-31 15:20:02.336 [INFO ] [EventThread] MainViewController - Reconnecting...
2019-01-31 15:20:07.344 [INFO ] [EventThread] MainViewController - Reconnecting...
2019-01-31 15:20:12.352 [INFO ] [EventThread] MainViewController - Reconnecting...
2019-01-31 15:20:17.360 [INFO ] [EventThread] MainViewController - Reconnecting...
2019-01-31 15:20:22.368 [INFO ] [EventThread] MainViewController - Reconnecting...
2019-01-31 15:20:22.389 [INFO ] [EventThread] MainViewController - Connected to the web server. Authorising...
2019-01-31 15:20:22.726 [INFO ] [EventThread] MainViewController - Authorised!
2019-01-31 15:20:22.727 [INFO ] [EventThread] MainViewController - Authorised!
2019-01-31 15:21:12.503 [INFO ] [EventThread] MainViewController - Disconnected
2019-01-31 15:21:13.504 [INFO ] [EventThread] MainViewController - Reconnecting...
2019-01-31 15:21:13.521 [INFO ] [EventThread] MainViewController - Connected to the web server. Authorising...
2019-01-31 15:21:14.132 [INFO ] [EventThread] MainViewController - Authorised!
2019-01-31 15:21:14.132 [INFO ] [EventThread] MainViewController - Authorised!
2019-01-31 15:21:14.133 [INFO ] [EventThread] MainViewController - Authorised!
2019-01-31 15:21:18.448 [INFO ] [EventThread] MainViewController - Disconnected
2019-01-31 15:21:19.633 [INFO ] [EventThread] MainViewController - Reconnecting...
2019-01-31 15:21:22.206 [INFO ] [EventThread] MainViewController - Reconnecting...
2019-01-31 15:21:25.394 [INFO ] [EventThread] MainViewController - Reconnecting...
2019-01-31 15:21:30.404 [INFO ] [EventThread] MainViewController - Reconnecting...
2019-01-31 15:21:35.413 [INFO ] [EventThread] MainViewController - Reconnecting...
2019-01-31 15:21:40.422 [INFO ] [EventThread] MainViewController - Reconnecting...
2019-01-31 15:21:40.438 [INFO ] [EventThread] MainViewController - Connected to the web server. Authorising...
2019-01-31 15:21:40.603 [INFO ] [EventThread] MainViewController - Authorised!
2019-01-31 15:21:40.604 [INFO ] [EventThread] MainViewController - Authorised!
2019-01-31 15:21:40.604 [INFO ] [EventThread] MainViewController - Authorised!
2019-01-31 15:21:40.604 [INFO ] [EventThread] MainViewController - Authorised!
2019-01-31 15:22:02.443 [INFO ] [EventThread] MainViewController - Disconnected
2019-01-31 15:22:03.840 [INFO ] [EventThread] MainViewController - Reconnecting...
2019-01-31 15:22:03.857 [INFO ] [EventThread] MainViewController - Connected to the web server. Authorising...
2019-01-31 15:22:03.991 [INFO ] [EventThread] MainViewController - Authorised!
2019-01-31 15:22:03.991 [INFO ] [EventThread] MainViewController - Authorised!
2019-01-31 15:22:03.991 [INFO ] [EventThread] MainViewController - Authorised!
2019-01-31 15:22:03.992 [INFO ] [EventThread] MainViewController - Authorised!
2019-01-31 15:22:03.992 [INFO ] [EventThread] MainViewController - Authorised!
2019-01-31 15:23:17.078 [INFO ] [JavaFX Application Thread] MainWindow - -----------Application start------------
2019-01-31 15:23:17.113 [INFO ] [JavaFX Application Thread] GlobalVariables - Loaded configuration file
2019-01-31 15:23:17.720 [INFO ] [EventThread] MainViewController - Connecting...
2019-01-31 15:23:17.754 [INFO ] [EventThread] MainViewController - Connected to the web server. Authorising...
2019-01-31 15:23:17.883 [INFO ] [EventThread] MainViewController - Authorised!
2019-01-31 15:27:30.675 [INFO ] [JavaFX Application Thread] MainWindow - -----------Application start------------
2019-01-31 15:27:30.701 [INFO ] [JavaFX Application Thread] GlobalVariables - Loaded configuration file
2019-01-31 15:27:31.310 [INFO ] [EventThread] MainViewController - Connecting...
2019-01-31 15:27:31.344 [INFO ] [EventThread] MainViewController - Connected to the web server. Authorising...
2019-01-31 15:28:09.002 [INFO ] [JavaFX Application Thread] MainWindow - -----------Application start------------
2019-01-31 15:28:09.036 [INFO ] [JavaFX Application Thread] GlobalVariables - Loaded configuration file
2019-01-31 15:28:09.642 [INFO ] [EventThread] MainViewController - Connecting...
2019-01-31 15:28:09.680 [INFO ] [EventThread] MainViewController - Connected to the web server. Authorising...
2019-01-31 15:28:25.885 [INFO ] [JavaFX Application Thread] MainWindow - -----------Application start------------
2019-01-31 15:28:25.920 [INFO ] [JavaFX Application Thread] GlobalVariables - Loaded configuration file
2019-01-31 15:28:26.524 [INFO ] [EventThread] MainViewController - Connecting...
2019-01-31 15:28:26.557 [INFO ] [EventThread] MainViewController - Connected to the web server. Authorising...
2019-01-31 15:28:50.891 [INFO ] [JavaFX Application Thread] MainWindow - -----------Application start------------
2019-01-31 15:28:50.927 [INFO ] [JavaFX Application Thread] GlobalVariables - Loaded configuration file
2019-01-31 15:28:51.523 [INFO ] [EventThread] MainViewController - Connecting...
2019-01-31 15:28:51.561 [INFO ] [EventThread] MainViewController - Connected to the web server. Authorising...
2019-01-31 15:28:51.707 [INFO ] [EventThread] MainViewController - Authorised!
2019-01-31 15:43:17.324 [INFO ] [JavaFX Application Thread] MainWindow - -----------Application start------------
2019-01-31 15:43:17.356 [INFO ] [JavaFX Application Thread] GlobalVariables - Loaded configuration file
2019-01-31 15:43:17.992 [INFO ] [EventThread] MainViewController - Connecting...
2019-01-31 15:43:18.035 [INFO ] [EventThread] MainViewController - Connected to the web server. Authorising...
2019-01-31 15:43:18.192 [INFO ] [EventThread] MainViewController - Authorised!
2019-01-31 15:43:33.056 [INFO ] [EventThread] MainViewController - Disconnected
2019-01-31 15:43:34.062 [INFO ] [EventThread] MainViewController - Reconnecting...
2019-01-31 15:43:34.081 [INFO ] [EventThread] MainViewController - Connected to the web server. Authorising...
2019-01-31 15:43:34.525 [INFO ] [EventThread] MainViewController - Authorised!
2019-01-31 15:43:40.288 [INFO ] [EventThread] MainViewController - Disconnected
2019-01-31 15:43:40.945 [INFO ] [EventThread] MainViewController - Reconnecting...
2019-01-31 15:43:42.700 [INFO ] [EventThread] MainViewController - Reconnecting...
2019-01-31 15:43:46.270 [INFO ] [EventThread] MainViewController - Reconnecting...
2019-01-31 15:43:51.276 [INFO ] [EventThread] MainViewController - Reconnecting...
2019-01-31 15:43:56.287 [INFO ] [EventThread] MainViewController - Reconnecting...
2019-01-31 15:44:01.296 [INFO ] [EventThread] MainViewController - Reconnecting...
2019-01-31 15:44:01.311 [INFO ] [EventThread] MainViewController - Connected to the web server. Authorising...
2019-01-31 15:44:01.450 [INFO ] [EventThread] MainViewController - Authorised!
2019-01-31 15:44:03.499 [INFO ] [EventThread] MainViewController - Disconnected
2019-01-31 15:44:04.491 [INFO ] [EventThread] MainViewController - Reconnecting...
2019-01-31 15:44:06.403 [INFO ] [EventThread] MainViewController - Reconnecting...
2019-01-31 15:44:11.136 [INFO ] [EventThread] MainViewController - Reconnecting...
2019-01-31 15:44:16.140 [INFO ] [EventThread] MainViewController - Reconnecting...
2019-01-31 15:44:21.146 [INFO ] [EventThread] MainViewController - Reconnecting...
2019-01-31 15:44:26.156 [INFO ] [EventThread] MainViewController - Reconnecting...
2019-01-31 15:44:31.167 [INFO ] [EventThread] MainViewController - Reconnecting...
2019-01-31 15:44:36.173 [INFO ] [EventThread] MainViewController - Reconnecting...
2019-01-31 15:44:41.181 [INFO ] [EventThread] MainViewController - Reconnecting...
2019-01-31 15:44:46.188 [INFO ] [EventThread] MainViewController - Reconnecting...
2019-01-31 15:44:51.193 [INFO ] [EventThread] MainViewController - Reconnecting...
2019-01-31 15:44:56.200 [INFO ] [EventThread] MainViewController - Reconnecting...
2019-01-31 15:45:01.212 [INFO ] [EventThread] MainViewController - Reconnecting...
2019-01-31 15:45:06.220 [INFO ] [EventThread] MainViewController - Reconnecting...
2019-01-31 15:45:11.226 [INFO ] [EventThread] MainViewController - Reconnecting...
2019-01-31 15:45:16.236 [INFO ] [EventThread] MainViewController - Reconnecting...
2019-01-31 15:45:21.246 [INFO ] [EventThread] MainViewController - Reconnecting...
2019-01-31 15:45:26.253 [INFO ] [EventThread] MainViewController - Reconnecting...
2019-01-31 15:45:31.261 [INFO ] [EventThread] MainViewController - Reconnecting...
2019-01-31 15:45:36.271 [INFO ] [EventThread] MainViewController - Reconnecting...
2019-01-31 15:45:36.287 [INFO ] [EventThread] MainViewController - Connected to the web server. Authorising...
2019-01-31 15:45:36.418 [INFO ] [EventThread] MainViewController - Authorised!
2019-01-31 15:57:54.785 [INFO ] [EventThread] MainViewController - Disconnected
2019-01-31 15:57:56.055 [INFO ] [EventThread] MainViewController - Reconnecting...
2019-01-31 15:57:58.981 [INFO ] [EventThread] MainViewController - Reconnecting...
2019-01-31 15:58:03.990 [INFO ] [EventThread] MainViewController - Reconnecting...
2019-01-31 15:58:08.999 [INFO ] [EventThread] MainViewController - Reconnecting...
2019-01-31 15:58:14.006 [INFO ] [EventThread] MainViewController - Reconnecting...
2019-01-31 15:58:14.027 [INFO ] [EventThread] MainViewController - Connected to the web server. Authorising...
2019-01-31 15:58:14.164 [INFO ] [EventThread] MainViewController - Authorised!
2019-01-31 15:58:18.460 [INFO ] [EventThread] MainViewController - Disconnected
2019-01-31 15:58:19.755 [INFO ] [EventThread] MainViewController - Reconnecting...
2019-01-31 15:58:20.913 [INFO ] [EventThread] MainViewController - Reconnecting...
2019-01-31 15:58:25.923 [INFO ] [EventThread] MainViewController - Reconnecting...
2019-01-31 15:58:30.929 [INFO ] [EventThread] MainViewController - Reconnecting...
2019-01-31 15:58:35.935 [INFO ] [EventThread] MainViewController - Reconnecting...
2019-01-31 15:58:40.945 [INFO ] [EventThread] MainViewController - Reconnecting...
2019-01-31 15:58:45.951 [INFO ] [EventThread] MainViewController - Reconnecting...
2019-01-31 15:58:50.954 [INFO ] [EventThread] MainViewController - Reconnecting...
2019-01-31 15:58:55.962 [INFO ] [EventThread] MainViewController - Reconnecting...
2019-01-31 15:59:00.967 [INFO ] [EventThread] MainViewController - Reconnecting...
2019-01-31 15:59:05.974 [INFO ] [EventThread] MainViewController - Reconnecting...
2019-01-31 15:59:10.978 [INFO ] [EventThread] MainViewController - Reconnecting...
2019-01-31 15:59:15.981 [INFO ] [EventThread] MainViewController - Reconnecting...
2019-01-31 15:59:20.990 [INFO ] [EventThread] MainViewController - Reconnecting...
2019-01-31 15:59:25.995 [INFO ] [EventThread] MainViewController - Reconnecting...
2019-01-31 15:59:31.003 [INFO ] [EventThread] MainViewController - Reconnecting...
2019-01-31 15:59:36.012 [INFO ] [EventThread] MainViewController - Reconnecting...
2019-01-31 15:59:41.020 [INFO ] [EventThread] MainViewController - Reconnecting...
2019-01-31 15:59:46.026 [INFO ] [EventThread] MainViewController - Reconnecting...
2019-01-31 15:59:51.032 [INFO ] [EventThread] MainViewController - Reconnecting...
2019-01-31 15:59:56.037 [INFO ] [EventThread] MainViewController - Reconnecting...
2019-01-31 16:00:01.042 [INFO ] [EventThread] MainViewController - Reconnecting...
2019-01-31 16:00:06.053 [INFO ] [EventThread] MainViewController - Reconnecting...
2019-01-31 16:00:11.062 [INFO ] [EventThread] MainViewController - Reconnecting...
2019-01-31 16:00:16.068 [INFO ] [EventThread] MainViewController - Reconnecting...
2019-01-31 16:00:21.074 [INFO ] [EventThread] MainViewController - Reconnecting...
2019-01-31 16:00:26.082 [INFO ] [EventThread] MainViewController - Reconnecting...
2019-01-31 16:00:31.090 [INFO ] [EventThread] MainViewController - Reconnecting...
2019-01-31 16:00:36.098 [INFO ] [EventThread] MainViewController - Reconnecting...
2019-01-31 16:00:41.107 [INFO ] [EventThread] MainViewController - Reconnecting...
2019-01-31 16:00:46.116 [INFO ] [EventThread] MainViewController - Reconnecting...
2019-01-31 16:00:51.123 [INFO ] [EventThread] MainViewController - Reconnecting...
2019-01-31 16:00:56.133 [INFO ] [EventThread] MainViewController - Reconnecting...
2019-01-31 16:01:01.141 [INFO ] [EventThread] MainViewController - Reconnecting...
2019-01-31 16:01:06.149 [INFO ] [EventThread] MainViewController - Reconnecting...
2019-01-31 16:01:11.155 [INFO ] [EventThread] MainViewController - Reconnecting...
2019-01-31 16:01:16.163 [INFO ] [EventThread] MainViewController - Reconnecting...
2019-01-31 16:01:21.172 [INFO ] [EventThread] MainViewController - Reconnecting...
2019-01-31 16:01:26.183 [INFO ] [EventThread] MainViewController - Reconnecting...
2019-01-31 16:01:31.191 [INFO ] [EventThread] MainViewController - Reconnecting...
2019-01-31 16:01:36.199 [INFO ] [EventThread] MainViewController - Reconnecting...
2019-01-31 16:01:41.208 [INFO ] [EventThread] MainViewController - Reconnecting...
2019-01-31 16:01:41.225 [INFO ] [EventThread] MainViewController - Connected to the web server. Authorising...
2019-01-31 16:01:41.379 [INFO ] [EventThread] MainViewController - Authorised!
2019-01-31 16:02:19.084 [INFO ] [EventThread] MainViewController - Disconnected
2019-01-31 16:02:19.858 [INFO ] [EventThread] MainViewController - Reconnecting...
2019-01-31 16:02:19.872 [INFO ] [EventThread] MainViewController - Connected to the web server. Authorising...
2019-01-31 16:02:20.541 [INFO ] [EventThread] MainViewController - Authorised!
2019-01-31 16:02:50.888 [INFO ] [EventThread] MainViewController - Disconnected
2019-01-31 16:02:51.566 [INFO ] [EventThread] MainViewController - Reconnecting...
2019-01-31 16:02:51.585 [INFO ] [EventThread] MainViewController - Connected to the web server. Authorising...
2019-01-31 16:02:52.324 [INFO ] [EventThread] MainViewController - Authorised!
2019-01-31 16:13:21.506 [INFO ] [EventThread] MainViewController - Disconnected
2019-01-31 16:13:22.900 [INFO ] [EventThread] MainViewController - Reconnecting...
2019-01-31 16:13:22.925 [INFO ] [EventThread] MainViewController - Connected to the web server. Authorising...
2019-01-31 16:13:23.063 [INFO ] [EventThread] MainViewController - Authorised!
2019-01-31 16:13:30.791 [INFO ] [EventThread] MainViewController - Disconnected
2019-01-31 16:13:31.351 [INFO ] [EventThread] MainViewController - Reconnecting...
2019-01-31 16:13:34.284 [INFO ] [EventThread] MainViewController - Reconnecting...
2019-01-31 16:13:38.180 [INFO ] [EventThread] MainViewController - Reconnecting...
2019-01-31 16:13:43.187 [INFO ] [EventThread] MainViewController - Reconnecting...
2019-01-31 16:13:48.196 [INFO ] [EventThread] MainViewController - Reconnecting...
2019-01-31 16:13:53.203 [INFO ] [EventThread] MainViewController - Reconnecting...
2019-01-31 16:13:58.207 [INFO ] [EventThread] MainViewController - Reconnecting...
2019-01-31 16:14:03.215 [INFO ] [EventThread] MainViewController - Reconnecting...
2019-01-31 16:14:08.223 [INFO ] [EventThread] MainViewController - Reconnecting...
2019-01-31 16:14:13.232 [INFO ] [EventThread] MainViewController - Reconnecting...
2019-01-31 16:14:18.237 [INFO ] [EventThread] MainViewController - Reconnecting...
2019-01-31 16:14:23.245 [INFO ] [EventThread] MainViewController - Reconnecting...
2019-01-31 16:14:28.251 [INFO ] [EventThread] MainViewController - Reconnecting...
2019-01-31 16:14:33.255 [INFO ] [EventThread] MainViewController - Reconnecting...
2019-01-31 16:14:38.263 [INFO ] [EventThread] MainViewController - Reconnecting...
2019-01-31 16:14:43.271 [INFO ] [EventThread] MainViewController - Reconnecting...
2019-01-31 16:14:48.275 [INFO ] [EventThread] MainViewController - Reconnecting...
2019-01-31 16:14:53.285 [INFO ] [EventThread] MainViewController - Reconnecting...
2019-01-31 16:14:58.290 [INFO ] [EventThread] MainViewController - Reconnecting...
2019-01-31 16:15:03.297 [INFO ] [EventThread] MainViewController - Reconnecting...
2019-01-31 16:15:08.306 [INFO ] [EventThread] MainViewController - Reconnecting...
2019-01-31 16:15:13.310 [INFO ] [EventThread] MainViewController - Reconnecting...
2019-01-31 16:15:18.316 [INFO ] [EventThread] MainViewController - Reconnecting...
2019-01-31 16:15:23.324 [INFO ] [EventThread] MainViewController - Reconnecting...
2019-01-31 16:15:28.332 [INFO ] [EventThread] MainViewController - Reconnecting...
2019-01-31 16:15:33.338 [INFO ] [EventThread] MainViewController - Reconnecting...
2019-01-31 16:15:33.357 [INFO ] [EventThread] MainViewController - Connected to the web server. Authorising...
2019-01-31 16:15:33.494 [INFO ] [EventThread] MainViewController - Authorised!
2019-01-31 16:15:41.647 [INFO ] [EventThread] MainViewController - Disconnected
2019-01-31 16:15:43.108 [INFO ] [EventThread] MainViewController - Reconnecting...
2019-01-31 16:15:45.344 [INFO ] [EventThread] MainViewController - Reconnecting...
2019-01-31 16:15:50.352 [INFO ] [EventThread] MainViewController - Reconnecting...
2019-01-31 16:15:55.361 [INFO ] [EventThread] MainViewController - Reconnecting...
2019-01-31 16:16:00.370 [INFO ] [EventThread] MainViewController - Reconnecting...
2019-01-31 16:16:05.377 [INFO ] [EventThread] MainViewController - Reconnecting...
2019-01-31 16:16:10.386 [INFO ] [EventThread] MainViewController - Reconnecting...
2019-01-31 16:16:15.394 [INFO ] [EventThread] MainViewController - Reconnecting...
2019-01-31 16:16:20.398 [INFO ] [EventThread] MainViewController - Reconnecting...
2019-01-31 16:16:25.407 [INFO ] [EventThread] MainViewController - Reconnecting...
2019-01-31 16:16:30.418 [INFO ] [EventThread] MainViewController - Reconnecting...
2019-01-31 16:16:35.425 [INFO ] [EventThread] MainViewController - Reconnecting...
2019-01-31 16:16:40.431 [INFO ] [EventThread] MainViewController - Reconnecting...
2019-01-31 16:16:45.443 [INFO ] [EventThread] MainViewController - Reconnecting...
2019-01-31 16:16:50.450 [INFO ] [EventThread] MainViewController - Reconnecting...
2019-01-31 16:16:55.458 [INFO ] [EventThread] MainViewController - Reconnecting...
2019-01-31 16:17:00.465 [INFO ] [EventThread] MainViewController - Reconnecting...
2019-01-31 16:17:05.474 [INFO ] [EventThread] MainViewController - Reconnecting...
2019-01-31 16:17:10.479 [INFO ] [EventThread] MainViewController - Reconnecting...
2019-01-31 16:17:15.484 [INFO ] [EventThread] MainViewController - Reconnecting...
2019-01-31 16:17:20.489 [INFO ] [EventThread] MainViewController - Reconnecting...
2019-01-31 16:17:25.497 [INFO ] [EventThread] MainViewController - Reconnecting...
2019-01-31 16:17:30.505 [INFO ] [EventThread] MainViewController - Reconnecting...
2019-01-31 16:17:35.513 [INFO ] [EventThread] MainViewController - Reconnecting...
2019-01-31 16:17:40.522 [INFO ] [EventThread] MainViewController - Reconnecting...
2019-01-31 16:17:45.531 [INFO ] [EventThread] MainViewController - Reconnecting...
2019-01-31 16:17:50.538 [INFO ] [EventThread] MainViewController - Reconnecting...
2019-01-31 16:17:55.547 [INFO ] [EventThread] MainViewController - Reconnecting...
2019-01-31 16:18:00.556 [INFO ] [EventThread] MainViewController - Reconnecting...
2019-01-31 16:18:05.563 [INFO ] [EventThread] MainViewController - Reconnecting...
2019-01-31 16:18:10.568 [INFO ] [EventThread] MainViewController - Reconnecting...
2019-01-31 16:18:15.573 [INFO ] [EventThread] MainViewController - Reconnecting...
2019-01-31 16:18:20.578 [INFO ] [EventThread] MainViewController - Reconnecting...
2019-01-31 16:18:25.586 [INFO ] [EventThread] MainViewController - Reconnecting...
2019-01-31 16:18:30.596 [INFO ] [EventThread] MainViewController - Reconnecting...
2019-01-31 16:18:35.602 [INFO ] [EventThread] MainViewController - Reconnecting...
2019-01-31 16:18:40.607 [INFO ] [EventThread] MainViewController - Reconnecting...
2019-01-31 16:18:45.615 [INFO ] [EventThread] MainViewController - Reconnecting...
2019-01-31 16:18:50.622 [INFO ] [EventThread] MainViewController - Reconnecting...
2019-01-31 16:18:55.692 [INFO ] [EventThread] MainViewController - Reconnecting...
2019-01-31 16:19:00.702 [INFO ] [EventThread] MainViewController - Reconnecting...
2019-01-31 16:19:05.710 [INFO ] [EventThread] MainViewController - Reconnecting...
2019-01-31 16:19:10.715 [INFO ] [EventThread] MainViewController - Reconnecting...
2019-01-31 16:19:15.718 [INFO ] [EventThread] MainViewController - Reconnecting...
2019-01-31 16:19:20.725 [INFO ] [EventThread] MainViewController - Reconnecting...
2019-01-31 16:19:25.733 [INFO ] [EventThread] MainViewController - Reconnecting...
2019-01-31 16:19:30.746 [INFO ] [EventThread] MainViewController - Reconnecting...
2019-01-31 16:19:35.751 [INFO ] [EventThread] MainViewController - Reconnecting...
2019-01-31 16:19:40.755 [INFO ] [EventThread] MainViewController - Reconnecting...
2019-01-31 16:19:45.764 [INFO ] [EventThread] MainViewController - Reconnecting...
2019-01-31 16:19:50.773 [INFO ] [EventThread] MainViewController - Reconnecting...
2019-01-31 16:19:55.781 [INFO ] [EventThread] MainViewController - Reconnecting...
2019-01-31 16:20:00.788 [INFO ] [EventThread] MainViewController - Reconnecting...
2019-01-31 16:20:05.796 [INFO ] [EventThread] MainViewController - Reconnecting...
2019-01-31 16:20:10.805 [INFO ] [EventThread] MainViewController - Reconnecting...
2019-01-31 16:20:15.814 [INFO ] [EventThread] MainViewController - Reconnecting...
2019-01-31 16:20:20.822 [INFO ] [EventThread] MainViewController - Reconnecting...
2019-01-31 16:20:25.828 [INFO ] [EventThread] MainViewController - Reconnecting...
2019-01-31 16:20:30.837 [INFO ] [EventThread] MainViewController - Reconnecting...
2019-01-31 16:20:35.845 [INFO ] [EventThread] MainViewController - Reconnecting...
2019-01-31 16:20:40.853 [INFO ] [EventThread] MainViewController - Reconnecting...
2019-01-31 16:20:45.863 [INFO ] [EventThread] MainViewController - Reconnecting...
2019-01-31 16:20:50.870 [INFO ] [EventThread] MainViewController - Reconnecting...
2019-01-31 16:20:55.875 [INFO ] [EventThread] MainViewController - Reconnecting...
2019-01-31 16:21:00.883 [INFO ] [EventThread] MainViewController - Reconnecting...
2019-01-31 16:21:05.889 [INFO ] [EventThread] MainViewController - Reconnecting...
2019-01-31 16:21:10.899 [INFO ] [EventThread] MainViewController - Reconnecting...
2019-01-31 16:21:15.907 [INFO ] [EventThread] MainViewController - Reconnecting...
2019-01-31 16:21:20.913 [INFO ] [EventThread] MainViewController - Reconnecting...
2019-01-31 16:21:25.922 [INFO ] [EventThread] MainViewController - Reconnecting...
2019-01-31 16:21:30.928 [INFO ] [EventThread] MainViewController - Reconnecting...
2019-01-31 16:21:35.937 [INFO ] [EventThread] MainViewController - Reconnecting...
2019-01-31 16:21:40.942 [INFO ] [EventThread] MainViewController - Reconnecting...
2019-01-31 16:21:45.947 [INFO ] [EventThread] MainViewController - Reconnecting...
2019-01-31 16:21:50.954 [INFO ] [EventThread] MainViewController - Reconnecting...
2019-01-31 16:21:55.961 [INFO ] [EventThread] MainViewController - Reconnecting...
2019-01-31 16:22:00.970 [INFO ] [EventThread] MainViewController - Reconnecting...
2019-01-31 16:22:05.977 [INFO ] [EventThread] MainViewController - Reconnecting...
2019-01-31 16:22:05.997 [INFO ] [EventThread] MainViewController - Connected to the web server. Authorising...
2019-01-31 16:22:06.132 [INFO ] [EventThread] MainViewController - Authorised!
2019-01-31 16:22:42.234 [INFO ] [EventThread] MainViewController - Disconnected
2019-01-31 16:22:43.634 [INFO ] [EventThread] MainViewController - Reconnecting...
2019-01-31 16:22:43.653 [INFO ] [EventThread] MainViewController - Connected to the web server. Authorising...
2019-01-31 16:22:43.785 [INFO ] [EventThread] MainViewController - Authorised!
2019-01-31 16:22:47.416 [INFO ] [EventThread] MainViewController - Disconnected
2019-01-31 16:22:48.174 [INFO ] [EventThread] MainViewController - Reconnecting...
2019-01-31 16:22:50.529 [INFO ] [EventThread] MainViewController - Reconnecting...
2019-01-31 16:22:52.906 [INFO ] [EventThread] MainViewController - Reconnecting...
2019-01-31 16:22:57.912 [INFO ] [EventThread] MainViewController - Reconnecting...
2019-01-31 16:23:02.918 [INFO ] [EventThread] MainViewController - Reconnecting...
2019-01-31 16:23:02.932 [INFO ] [EventThread] MainViewController - Connected to the web server. Authorising...
2019-01-31 16:23:03.060 [INFO ] [EventThread] MainViewController - Authorised!
2019-01-31 16:24:17.190 [INFO ] [EventThread] MainViewController - Disconnected
2019-01-31 16:24:17.885 [INFO ] [EventThread] MainViewController - Reconnecting...
2019-01-31 16:24:17.927 [INFO ] [EventThread] MainViewController - Connected to the web server. Authorising...
2019-01-31 16:24:18.674 [INFO ] [EventThread] MainViewController - Authorised!
2019-01-31 16:24:24.638 [INFO ] [JavaFX Application Thread] MainWindow - -----------Application start------------
2019-01-31 16:24:24.668 [INFO ] [JavaFX Application Thread] GlobalVariables - Loaded configuration file
2019-01-31 16:24:25.344 [INFO ] [EventThread] MainViewController - Connecting...
2019-01-31 16:24:25.381 [INFO ] [EventThread] MainViewController - Connected to the web server. Authorising...
2019-01-31 16:24:25.511 [INFO ] [EventThread] MainViewController - Authorised!
2019-01-31 16:33:18.535 [INFO ] [EventThread] MainViewController - Disconnected
2019-01-31 16:33:19.136 [INFO ] [EventThread] MainViewController - Reconnecting...
2019-01-31 16:33:20.466 [INFO ] [EventThread] MainViewController - Reconnecting...
2019-01-31 16:33:22.791 [INFO ] [EventThread] MainViewController - Reconnecting...
2019-01-31 16:33:27.800 [INFO ] [EventThread] MainViewController - Reconnecting...
2019-01-31 16:33:32.805 [INFO ] [EventThread] MainViewController - Reconnecting...
2019-01-31 16:33:37.810 [INFO ] [EventThread] MainViewController - Reconnecting...
2019-01-31 16:33:42.820 [INFO ] [EventThread] MainViewController - Reconnecting...
2019-01-31 16:33:47.829 [INFO ] [EventThread] MainViewController - Reconnecting...
2019-01-31 16:33:52.836 [INFO ] [EventThread] MainViewController - Reconnecting...
2019-01-31 16:33:57.847 [INFO ] [EventThread] MainViewController - Reconnecting...
2019-01-31 16:34:02.852 [INFO ] [EventThread] MainViewController - Reconnecting...
2019-01-31 16:34:07.860 [INFO ] [EventThread] MainViewController - Reconnecting...
2019-01-31 16:34:12.869 [INFO ] [EventThread] MainViewController - Reconnecting...
2019-01-31 16:34:17.876 [INFO ] [EventThread] MainViewController - Reconnecting...
2019-01-31 16:34:22.886 [INFO ] [EventThread] MainViewController - Reconnecting...
2019-01-31 16:34:27.894 [INFO ] [EventThread] MainViewController - Reconnecting...
2019-01-31 16:34:32.902 [INFO ] [EventThread] MainViewController - Reconnecting...
2019-01-31 16:34:37.909 [INFO ] [EventThread] MainViewController - Reconnecting...
2019-01-31 16:34:42.918 [INFO ] [EventThread] MainViewController - Reconnecting...
2019-01-31 16:34:47.926 [INFO ] [EventThread] MainViewController - Reconnecting...
2019-01-31 16:34:52.935 [INFO ] [EventThread] MainViewController - Reconnecting...
2019-01-31 16:34:57.944 [INFO ] [EventThread] MainViewController - Reconnecting...
2019-01-31 16:35:02.951 [INFO ] [EventThread] MainViewController - Reconnecting...
2019-01-31 16:35:07.962 [INFO ] [EventThread] MainViewController - Reconnecting...
2019-01-31 16:35:12.968 [INFO ] [EventThread] MainViewController - Reconnecting...
2019-01-31 16:35:17.973 [INFO ] [EventThread] MainViewController - Reconnecting...
2019-01-31 16:35:22.982 [INFO ] [EventThread] MainViewController - Reconnecting...
2019-01-31 16:35:27.998 [INFO ] [EventThread] MainViewController - Reconnecting...
2019-01-31 16:35:33.007 [INFO ] [EventThread] MainViewController - Reconnecting...
2019-01-31 16:35:38.015 [INFO ] [EventThread] MainViewController - Reconnecting...
2019-01-31 16:35:43.024 [INFO ] [EventThread] MainViewController - Reconnecting...
2019-01-31 16:35:48.033 [INFO ] [EventThread] MainViewController - Reconnecting...
2019-01-31 16:35:53.039 [INFO ] [EventThread] MainViewController - Reconnecting...
2019-01-31 16:35:58.044 [INFO ] [EventThread] MainViewController - Reconnecting...
2019-01-31 16:36:03.052 [INFO ] [EventThread] MainViewController - Reconnecting...
2019-01-31 16:36:08.062 [INFO ] [EventThread] MainViewController - Reconnecting...
2019-01-31 16:36:13.072 [INFO ] [EventThread] MainViewController - Reconnecting...
2019-01-31 16:36:18.081 [INFO ] [EventThread] MainViewController - Reconnecting...
2019-01-31 16:36:23.086 [INFO ] [EventThread] MainViewController - Reconnecting...
2019-01-31 16:36:28.093 [INFO ] [EventThread] MainViewController - Reconnecting...
2019-01-31 16:36:33.101 [INFO ] [EventThread] MainViewController - Reconnecting...
2019-01-31 16:36:38.107 [INFO ] [EventThread] MainViewController - Reconnecting...
2019-01-31 16:36:43.113 [INFO ] [EventThread] MainViewController - Reconnecting...
2019-01-31 16:36:48.122 [INFO ] [EventThread] MainViewController - Reconnecting...
2019-01-31 16:36:53.132 [INFO ] [EventThread] MainViewController - Reconnecting...
2019-01-31 16:36:58.138 [INFO ] [EventThread] MainViewController - Reconnecting...
2019-01-31 16:37:03.148 [INFO ] [EventThread] MainViewController - Reconnecting...
2019-01-31 16:37:08.157 [INFO ] [EventThread] MainViewController - Reconnecting...
2019-01-31 16:37:13.162 [INFO ] [EventThread] MainViewController - Reconnecting...
2019-01-31 16:37:18.171 [INFO ] [EventThread] MainViewController - Reconnecting...
2019-01-31 16:37:23.180 [INFO ] [EventThread] MainViewController - Reconnecting...
2019-01-31 16:37:28.188 [INFO ] [EventThread] MainViewController - Reconnecting...
2019-01-31 16:37:33.195 [INFO ] [EventThread] MainViewController - Reconnecting...
2019-01-31 16:37:38.204 [INFO ] [EventThread] MainViewController - Reconnecting...
2019-01-31 16:37:43.208 [INFO ] [EventThread] MainViewController - Reconnecting...
2019-01-31 16:37:48.218 [INFO ] [EventThread] MainViewController - Reconnecting...
2019-01-31 16:37:53.223 [INFO ] [EventThread] MainViewController - Reconnecting...
2019-01-31 16:37:58.229 [INFO ] [EventThread] MainViewController - Reconnecting...
2019-01-31 16:38:03.236 [INFO ] [EventThread] MainViewController - Reconnecting...
2019-01-31 16:38:08.245 [INFO ] [EventThread] MainViewController - Reconnecting...
2019-01-31 16:38:13.250 [INFO ] [EventThread] MainViewController - Reconnecting...
2019-01-31 16:38:18.259 [INFO ] [EventThread] MainViewController - Reconnecting...
2019-01-31 16:38:23.267 [INFO ] [EventThread] MainViewController - Reconnecting...
2019-01-31 16:38:28.277 [INFO ] [EventThread] MainViewController - Reconnecting...
2019-01-31 16:38:33.284 [INFO ] [EventThread] MainViewController - Reconnecting...
2019-01-31 16:38:38.294 [INFO ] [EventThread] MainViewController - Reconnecting...
2019-01-31 16:38:43.304 [INFO ] [EventThread] MainViewController - Reconnecting...
2019-01-31 16:38:48.312 [INFO ] [EventThread] MainViewController - Reconnecting...
2019-01-31 16:38:53.330 [INFO ] [EventThread] MainViewController - Reconnecting...
2019-01-31 16:38:53.350 [INFO ] [EventThread] MainViewController - Connected to the web server. Authorising...
2019-01-31 16:38:53.479 [INFO ] [EventThread] MainViewController - Authorised!
2019-01-31 16:38:56.598 [INFO ] [EventThread] MainViewController - Disconnected
2019-01-31 16:38:57.681 [INFO ] [EventThread] MainViewController - Reconnecting...
2019-01-31 16:39:00.204 [INFO ] [EventThread] MainViewController - Reconnecting...
2019-01-31 16:39:03.725 [INFO ] [EventThread] MainViewController - Reconnecting...
2019-01-31 16:39:08.736 [INFO ] [EventThread] MainViewController - Reconnecting...
2019-01-31 16:39:13.740 [INFO ] [EventThread] MainViewController - Reconnecting...
2019-01-31 16:39:18.746 [INFO ] [EventThread] MainViewController - Reconnecting...
2019-01-31 16:39:23.755 [INFO ] [EventThread] MainViewController - Reconnecting...
2019-01-31 16:39:28.765 [INFO ] [EventThread] MainViewController - Reconnecting...
2019-01-31 16:39:33.772 [INFO ] [EventThread] MainViewController - Reconnecting...
2019-01-31 16:39:38.779 [INFO ] [EventThread] MainViewController - Reconnecting...
2019-01-31 16:39:43.788 [INFO ] [EventThread] MainViewController - Reconnecting...
2019-01-31 16:39:48.796 [INFO ] [EventThread] MainViewController - Reconnecting...
2019-01-31 16:39:53.804 [INFO ] [EventThread] MainViewController - Reconnecting...
2019-01-31 16:39:58.815 [INFO ] [EventThread] MainViewController - Reconnecting...
2019-01-31 16:40:03.821 [INFO ] [EventThread] MainViewController - Reconnecting...
2019-01-31 16:40:08.828 [INFO ] [EventThread] MainViewController - Reconnecting...
2019-01-31 16:40:13.833 [INFO ] [EventThread] MainViewController - Reconnecting...
2019-01-31 16:40:18.841 [INFO ] [EventThread] MainViewController - Reconnecting...
2019-01-31 16:40:23.849 [INFO ] [EventThread] MainViewController - Reconnecting...
2019-01-31 16:40:28.858 [INFO ] [EventThread] MainViewController - Reconnecting...
2019-01-31 16:40:33.870 [INFO ] [EventThread] MainViewController - Reconnecting...
2019-01-31 16:40:38.877 [INFO ] [EventThread] MainViewController - Reconnecting...
2019-01-31 16:40:43.883 [INFO ] [EventThread] MainViewController - Reconnecting...
2019-01-31 16:40:48.891 [INFO ] [EventThread] MainViewController - Reconnecting...
2019-01-31 16:40:53.896 [INFO ] [EventThread] MainViewController - Reconnecting...
2019-01-31 16:40:58.907 [INFO ] [EventThread] MainViewController - Reconnecting...
2019-01-31 16:41:03.915 [INFO ] [EventThread] MainViewController - Reconnecting...
2019-01-31 16:41:08.924 [INFO ] [EventThread] MainViewController - Reconnecting...
2019-01-31 16:41:13.933 [INFO ] [EventThread] MainViewController - Reconnecting...
2019-01-31 16:41:18.941 [INFO ] [EventThread] MainViewController - Reconnecting...
2019-01-31 16:41:23.949 [INFO ] [EventThread] MainViewController - Reconnecting...
2019-01-31 16:41:28.958 [INFO ] [EventThread] MainViewController - Reconnecting...
2019-01-31 16:41:33.961 [INFO ] [EventThread] MainViewController - Reconnecting...
2019-01-31 16:41:38.971 [INFO ] [EventThread] MainViewController - Reconnecting...
2019-01-31 16:41:43.978 [INFO ] [EventThread] MainViewController - Reconnecting...
2019-01-31 16:41:48.986 [INFO ] [EventThread] MainViewController - Reconnecting...
2019-01-31 16:41:53.994 [INFO ] [EventThread] MainViewController - Reconnecting...
2019-01-31 16:41:59.003 [INFO ] [EventThread] MainViewController - Reconnecting...
2019-01-31 16:42:04.011 [INFO ] [EventThread] MainViewController - Reconnecting...
2019-01-31 16:42:09.020 [INFO ] [EventThread] MainViewController - Reconnecting...
2019-01-31 16:42:14.028 [INFO ] [EventThread] MainViewController - Reconnecting...
2019-01-31 16:42:19.036 [INFO ] [EventThread] MainViewController - Reconnecting...
2019-01-31 16:42:24.044 [INFO ] [EventThread] MainViewController - Reconnecting...
2019-01-31 16:42:29.051 [INFO ] [EventThread] MainViewController - Reconnecting...
2019-01-31 16:42:34.057 [INFO ] [EventThread] MainViewController - Reconnecting...
2019-01-31 16:42:39.065 [INFO ] [EventThread] MainViewController - Reconnecting...
2019-01-31 16:42:44.072 [INFO ] [EventThread] MainViewController - Reconnecting...
2019-01-31 16:42:49.083 [INFO ] [EventThread] MainViewController - Reconnecting...
2019-01-31 16:42:54.088 [INFO ] [EventThread] MainViewController - Reconnecting...
2019-01-31 16:42:59.099 [INFO ] [EventThread] MainViewController - Reconnecting...
2019-01-31 16:43:04.109 [INFO ] [EventThread] MainViewController - Reconnecting...
2019-01-31 16:43:09.114 [INFO ] [EventThread] MainViewController - Reconnecting...
2019-01-31 16:43:14.124 [INFO ] [EventThread] MainViewController - Reconnecting...
2019-01-31 16:43:19.132 [INFO ] [EventThread] MainViewController - Reconnecting...
2019-01-31 16:43:24.141 [INFO ] [EventThread] MainViewController - Reconnecting...
2019-01-31 16:43:29.149 [INFO ] [EventThread] MainViewController - Reconnecting...
2019-01-31 16:43:34.155 [INFO ] [EventThread] MainViewController - Reconnecting...
2019-01-31 16:43:39.164 [INFO ] [EventThread] MainViewController - Reconnecting...
2019-01-31 16:43:44.171 [INFO ] [EventThread] MainViewController - Reconnecting...
2019-01-31 16:43:49.178 [INFO ] [EventThread] MainViewController - Reconnecting...
2019-01-31 16:43:54.188 [INFO ] [EventThread] MainViewController - Reconnecting...
2019-01-31 16:43:59.199 [INFO ] [EventThread] MainViewController - Reconnecting...
2019-01-31 16:43:59.218 [INFO ] [EventThread] MainViewController - Connected to the web server. Authorising...
2019-01-31 16:43:59.351 [INFO ] [EventThread] MainViewController - Authorised!
2019-01-31 16:48:58.975 [INFO ] [EventThread] MainViewController - Disconnected
2019-01-31 16:48:59.932 [INFO ] [EventThread] MainViewController - Reconnecting...
2019-01-31 16:48:59.946 [INFO ] [EventThread] MainViewController - Connected to the web server. Authorising...
2019-01-31 16:49:00.424 [INFO ] [EventThread] MainViewController - Authorised!
2019-01-31 16:49:09.202 [INFO ] [EventThread] MainViewController - Disconnected
2019-01-31 16:49:10.480 [INFO ] [EventThread] MainViewController - Reconnecting...
2019-01-31 16:49:10.498 [INFO ] [EventThread] MainViewController - Connected to the web server. Authorising...
2019-01-31 16:49:10.667 [INFO ] [EventThread] MainViewController - Authorised!
2019-01-31 16:55:42.453 [INFO ] [EventThread] MainViewController - Disconnected
2019-01-31 16:55:43.651 [INFO ] [EventThread] MainViewController - Reconnecting...
2019-01-31 16:55:43.668 [INFO ] [EventThread] MainViewController - Connected to the web server. Authorising...
2019-01-31 16:55:43.899 [INFO ] [EventThread] MainViewController - Authorised!
2019-01-31 17:07:58.725 [INFO ] [JavaFX Application Thread] MainWindow - -----------Application start------------
2019-01-31 17:07:58.759 [INFO ] [JavaFX Application Thread] GlobalVariables - Loaded configuration file
2019-01-31 17:07:59.395 [INFO ] [EventThread] MainViewController - Connecting...
2019-01-31 17:07:59.454 [INFO ] [EventThread] MainViewController - Connected to the web server. Authorising...
2019-01-31 17:07:59.464 [INFO ] [EventThread] MainViewController - Disconnected
2019-01-31 17:08:00.425 [INFO ] [EventThread] MainViewController - Reconnecting...
2019-01-31 17:08:02.745 [INFO ] [EventThread] MainViewController - Reconnecting...
2019-01-31 17:08:07.751 [INFO ] [EventThread] MainViewController - Reconnecting...
2019-01-31 17:08:12.755 [INFO ] [EventThread] MainViewController - Reconnecting...
2019-01-31 17:08:17.765 [INFO ] [EventThread] MainViewController - Reconnecting...
2019-01-31 17:08:22.772 [INFO ] [EventThread] MainViewController - Reconnecting...
2019-01-31 17:08:27.781 [INFO ] [EventThread] MainViewController - Reconnecting...
2019-01-31 17:09:27.466 [INFO ] [JavaFX Application Thread] MainWindow - -----------Application start------------
2019-01-31 17:09:27.499 [INFO ] [JavaFX Application Thread] GlobalVariables - Loaded configuration file
2019-01-31 17:09:28.143 [INFO ] [EventThread] MainViewController - Connecting...
2019-01-31 17:09:28.186 [INFO ] [EventThread] MainViewController - Connected to the web server. Authorising...
2019-01-31 17:09:28.863 [INFO ] [EventThread] MainViewController - Authorised!
2019-01-31 17:12:04.870 [INFO ] [JavaFX Application Thread] MainWindow - -----------Application start------------
2019-01-31 17:12:04.899 [INFO ] [JavaFX Application Thread] GlobalVariables - Loaded configuration file
2019-01-31 17:12:05.480 [INFO ] [EventThread] MainViewController - Connecting...
2019-01-31 17:12:05.517 [INFO ] [EventThread] MainViewController - Connected to the web server. Authorising...
2019-01-31 17:12:06.109 [INFO ] [EventThread] MainViewController - Authorised!
2019-01-31 17:12:15.844 [INFO ] [EventThread] MainViewController - Disconnected
2019-01-31 17:12:16.646 [INFO ] [EventThread] MainViewController - Reconnecting...
2019-01-31 17:12:18.188 [INFO ] [EventThread] MainViewController - Reconnecting...
2019-01-31 17:12:21.794 [INFO ] [EventThread] MainViewController - Reconnecting...
2019-01-31 17:12:21.812 [INFO ] [EventThread] MainViewController - Connected to the web server. Authorising...
2019-01-31 17:12:22.407 [INFO ] [EventThread] MainViewController - Authorised!
2019-01-31 17:13:08.826 [INFO ] [EventThread] MainViewController - Disconnected
2019-01-31 17:13:09.832 [INFO ] [EventThread] MainViewController - Reconnecting...
2019-01-31 17:13:12.431 [INFO ] [EventThread] MainViewController - Reconnecting...
2019-01-31 17:13:16.677 [INFO ] [EventThread] MainViewController - Reconnecting...
2019-01-31 17:13:21.687 [INFO ] [EventThread] MainViewController - Reconnecting...
2019-01-31 17:13:26.695 [INFO ] [EventThread] MainViewController - Reconnecting...
2019-01-31 17:13:31.705 [INFO ] [EventThread] MainViewController - Reconnecting...
2019-01-31 17:13:36.713 [INFO ] [EventThread] MainViewController - Reconnecting...
2019-01-31 17:13:36.731 [INFO ] [EventThread] MainViewController - Connected to the web server. Authorising...
2019-01-31 17:13:36.887 [INFO ] [EventThread] MainViewController - Authorised!
2019-01-31 17:18:34.481 [INFO ] [JavaFX Application Thread] MainWindow - -----------Application start------------
2019-01-31 17:18:34.519 [INFO ] [JavaFX Application Thread] GlobalVariables - Loaded configuration file
2019-01-31 17:18:35.136 [INFO ] [EventThread] MainViewController - Connecting...
2019-01-31 17:18:35.174 [INFO ] [EventThread] MainViewController - Connected to the web server. Authorising...
2019-01-31 17:18:35.345 [INFO ] [EventThread] MainViewController - Authorised!
2019-01-31 17:20:23.934 [INFO ] [EventThread] MainViewController - Disconnected
2019-01-31 17:20:25.022 [INFO ] [EventThread] MainViewController - Reconnecting...
2019-01-31 17:20:26.391 [INFO ] [EventThread] MainViewController - Reconnecting...
2019-01-31 17:20:30.331 [INFO ] [EventThread] MainViewController - Reconnecting...
2019-01-31 17:20:35.337 [INFO ] [EventThread] MainViewController - Reconnecting...
2019-01-31 17:20:40.348 [INFO ] [EventThread] MainViewController - Reconnecting...
2019-01-31 17:20:45.357 [INFO ] [EventThread] MainViewController - Reconnecting...
2019-01-31 17:20:50.365 [INFO ] [EventThread] MainViewController - Reconnecting...
2019-01-31 17:20:55.374 [INFO ] [EventThread] MainViewController - Reconnecting...
2019-01-31 17:21:00.385 [INFO ] [EventThread] MainViewController - Reconnecting...
2019-01-31 17:21:05.395 [INFO ] [EventThread] MainViewController - Reconnecting...
2019-01-31 17:21:10.404 [INFO ] [EventThread] MainViewController - Reconnecting...
2019-01-31 17:21:15.412 [INFO ] [EventThread] MainViewController - Reconnecting...
2019-01-31 17:21:20.420 [INFO ] [EventThread] MainViewController - Reconnecting...
2019-01-31 17:21:25.429 [INFO ] [EventThread] MainViewController - Reconnecting...
2019-01-31 17:21:30.442 [INFO ] [EventThread] MainViewController - Reconnecting...
2019-01-31 17:21:35.450 [INFO ] [EventThread] MainViewController - Reconnecting...
2019-01-31 17:21:40.459 [INFO ] [EventThread] MainViewController - Reconnecting...
2019-01-31 17:21:45.466 [INFO ] [EventThread] MainViewController - Reconnecting...
2019-01-31 17:21:50.476 [INFO ] [EventThread] MainViewController - Reconnecting...
2019-01-31 17:21:55.483 [INFO ] [EventThread] MainViewController - Reconnecting...
2019-01-31 17:22:00.494 [INFO ] [EventThread] MainViewController - Reconnecting...
2019-01-31 17:22:05.500 [INFO ] [EventThread] MainViewController - Reconnecting...
2019-01-31 17:22:10.510 [INFO ] [EventThread] MainViewController - Reconnecting...
2019-01-31 17:22:15.518 [INFO ] [EventThread] MainViewController - Reconnecting...
2019-01-31 17:22:20.526 [INFO ] [EventThread] MainViewController - Reconnecting...
2019-01-31 17:22:25.531 [INFO ] [EventThread] MainViewController - Reconnecting...
2019-01-31 17:22:30.541 [INFO ] [EventThread] MainViewController - Reconnecting...
2019-01-31 17:22:35.548 [INFO ] [EventThread] MainViewController - Reconnecting...
2019-01-31 17:22:40.557 [INFO ] [EventThread] MainViewController - Reconnecting...
2019-01-31 17:22:45.564 [INFO ] [EventThread] MainViewController - Reconnecting...
2019-01-31 17:22:50.572 [INFO ] [EventThread] MainViewController - Reconnecting...
2019-01-31 17:22:50.592 [INFO ] [EventThread] MainViewController - Connected to the web server. Authorising...
2019-01-31 17:22:50.727 [INFO ] [EventThread] MainViewController - Authorised!
2019-01-31 17:28:51.542 [INFO ] [JavaFX Application Thread] MainWindow - -----------Application start------------
2019-01-31 17:28:51.573 [INFO ] [JavaFX Application Thread] GlobalVariables - Loaded configuration file
2019-01-31 17:28:52.155 [INFO ] [EventThread] MainViewController - Connecting...
2019-01-31 17:28:52.202 [INFO ] [EventThread] MainViewController - Connected to the web server. Authorising...
2019-01-31 17:28:52.357 [INFO ] [EventThread] MainViewController - Authorised!
2019-01-31 17:29:27.823 [INFO ] [EventThread] MainViewController - Disconnected
2019-01-31 17:29:29.209 [INFO ] [EventThread] MainViewController - Reconnecting...
2019-01-31 17:29:32.167 [INFO ] [EventThread] MainViewController - Reconnecting...
2019-01-31 17:29:34.834 [INFO ] [EventThread] MainViewController - Reconnecting...
2019-01-31 17:29:39.843 [INFO ] [EventThread] MainViewController - Reconnecting...
2019-01-31 17:29:44.851 [INFO ] [EventThread] MainViewController - Reconnecting...
2019-01-31 17:29:49.858 [INFO ] [EventThread] MainViewController - Reconnecting...
2019-01-31 17:29:54.869 [INFO ] [EventThread] MainViewController - Reconnecting...
2019-01-31 17:29:59.875 [INFO ] [EventThread] MainViewController - Reconnecting...
2019-01-31 17:30:04.886 [INFO ] [EventThread] MainViewController - Reconnecting...
2019-01-31 17:30:09.892 [INFO ] [EventThread] MainViewController - Reconnecting...
2019-01-31 17:30:14.899 [INFO ] [EventThread] MainViewController - Reconnecting...
2019-01-31 17:30:19.909 [INFO ] [EventThread] MainViewController - Reconnecting...
2019-01-31 17:30:24.920 [INFO ] [EventThread] MainViewController - Reconnecting...
2019-01-31 17:30:29.926 [INFO ] [EventThread] MainViewController - Reconnecting...
2019-01-31 17:30:34.934 [INFO ] [EventThread] MainViewController - Reconnecting...
2019-01-31 17:30:39.945 [INFO ] [EventThread] MainViewController - Reconnecting...
2019-01-31 17:30:44.951 [INFO ] [EventThread] MainViewController - Reconnecting...
2019-01-31 17:30:49.960 [INFO ] [EventThread] MainViewController - Reconnecting...
2019-01-31 17:30:54.969 [INFO ] [EventThread] MainViewController - Reconnecting...
2019-01-31 17:30:59.978 [INFO ] [EventThread] MainViewController - Reconnecting...
2019-01-31 17:31:04.988 [INFO ] [EventThread] MainViewController - Reconnecting...
2019-01-31 17:31:09.994 [INFO ] [EventThread] MainViewController - Reconnecting...
2019-01-31 17:31:15.005 [INFO ] [EventThread] MainViewController - Reconnecting...
2019-01-31 17:31:20.012 [INFO ] [EventThread] MainViewController - Reconnecting...
2019-01-31 17:31:25.022 [INFO ] [EventThread] MainViewController - Reconnecting...
2019-01-31 17:31:30.028 [INFO ] [EventThread] MainViewController - Reconnecting...
2019-01-31 17:31:35.040 [INFO ] [EventThread] MainViewController - Reconnecting...
2019-01-31 17:31:40.060 [INFO ] [EventThread] MainViewController - Reconnecting...
2019-01-31 17:31:45.078 [INFO ] [EventThread] MainViewController - Reconnecting...
2019-01-31 17:31:50.091 [INFO ] [EventThread] MainViewController - Reconnecting...
2019-01-31 17:31:55.104 [INFO ] [EventThread] MainViewController - Reconnecting...
2019-01-31 17:32:00.118 [INFO ] [EventThread] MainViewController - Reconnecting...
2019-01-31 17:32:05.127 [INFO ] [EventThread] MainViewController - Reconnecting...
2019-01-31 17:32:10.132 [INFO ] [EventThread] MainViewController - Reconnecting...
2019-01-31 17:32:15.143 [INFO ] [EventThread] MainViewController - Reconnecting...
2019-01-31 17:32:20.150 [INFO ] [EventThread] MainViewController - Reconnecting...
2019-01-31 17:32:25.159 [INFO ] [EventThread] MainViewController - Reconnecting...
2019-01-31 17:32:30.171 [INFO ] [EventThread] MainViewController - Reconnecting...
2019-01-31 17:32:35.180 [INFO ] [EventThread] MainViewController - Reconnecting...
2019-01-31 17:32:35.196 [INFO ] [EventThread] MainViewController - Connected to the web server. Authorising...
2019-01-31 17:32:35.342 [INFO ] [EventThread] MainViewController - Authorised!
2019-01-31 17:40:31.410 [INFO ] [EventThread] MainViewController - Disconnected
2019-01-31 17:40:32.474 [INFO ] [EventThread] MainViewController - Reconnecting...
2019-01-31 17:40:32.497 [INFO ] [EventThread] MainViewController - Connected to the web server. Authorising...
2019-01-31 17:40:32.957 [INFO ] [EventThread] MainViewController - Authorised!
2019-01-31 17:43:58.779 [INFO ] [EventThread] MainViewController - Disconnected
2019-01-31 17:43:59.842 [INFO ] [EventThread] MainViewController - Reconnecting...
2019-01-31 17:43:59.855 [INFO ] [EventThread] MainViewController - Connected to the web server. Authorising...
2019-01-31 17:44:00.403 [INFO ] [EventThread] MainViewController - Authorised!
2019-01-31 17:45:01.618 [INFO ] [EventThread] MainViewController - Disconnected
2019-01-31 17:45:02.583 [INFO ] [EventThread] MainViewController - Reconnecting...
2019-01-31 17:45:02.612 [INFO ] [EventThread] MainViewController - Connected to the web server. Authorising...
2019-01-31 17:45:03.353 [INFO ] [EventThread] MainViewController - Authorised!
2019-01-31 17:45:19.446 [INFO ] [JavaFX Application Thread] MainWindow - -----------Application start------------
2019-01-31 17:45:19.483 [INFO ] [JavaFX Application Thread] GlobalVariables - Loaded configuration file
2019-01-31 17:45:20.107 [INFO ] [EventThread] MainViewController - Connecting...
2019-01-31 17:45:20.143 [INFO ] [EventThread] MainViewController - Connected to the web server. Authorising...
2019-01-31 17:45:20.290 [INFO ] [EventThread] MainViewController - Authorised!
2019-01-31 17:48:00.710 [INFO ] [EventThread] MainViewController - Disconnected
2019-01-31 17:48:01.418 [INFO ] [EventThread] MainViewController - Reconnecting...
2019-01-31 17:48:01.435 [INFO ] [EventThread] MainViewController - Connected to the web server. Authorising...
2019-01-31 17:48:02.211 [INFO ] [EventThread] MainViewController - Authorised!
2019-01-31 17:54:58.281 [INFO ] [EventThread] MainViewController - Disconnected
2019-01-31 17:54:59.673 [INFO ] [EventThread] MainViewController - Reconnecting...
2019-01-31 17:54:59.694 [INFO ] [EventThread] MainViewController - Connected to the web server. Authorising...
2019-01-31 17:54:59.836 [INFO ] [EventThread] MainViewController - Authorised!
2019-01-31 17:55:05.903 [INFO ] [EventThread] MainViewController - Disconnected
2019-01-31 17:55:06.505 [INFO ] [EventThread] MainViewController - Reconnecting...
2019-01-31 17:55:08.657 [INFO ] [EventThread] MainViewController - Reconnecting...
2019-01-31 17:55:12.519 [INFO ] [EventThread] MainViewController - Reconnecting...
2019-01-31 17:55:17.528 [INFO ] [EventThread] MainViewController - Reconnecting...
2019-01-31 17:55:22.536 [INFO ] [EventThread] MainViewController - Reconnecting...
2019-01-31 17:55:22.550 [INFO ] [EventThread] MainViewController - Connected to the web server. Authorising...
2019-01-31 17:55:22.706 [INFO ] [EventThread] MainViewController - Authorised!
2019-01-31 17:55:25.407 [INFO ] [EventThread] MainViewController - Disconnected
2019-01-31 17:55:26.298 [INFO ] [EventThread] MainViewController - Reconnecting...
2019-01-31 17:55:28.079 [INFO ] [EventThread] MainViewController - Reconnecting...
2019-01-31 17:55:30.377 [INFO ] [EventThread] MainViewController - Reconnecting...
2019-01-31 17:55:35.388 [INFO ] [EventThread] MainViewController - Reconnecting...
2019-01-31 17:55:40.397 [INFO ] [EventThread] MainViewController - Reconnecting...
2019-01-31 17:55:45.404 [INFO ] [EventThread] MainViewController - Reconnecting...
2019-01-31 17:55:50.414 [INFO ] [EventThread] MainViewController - Reconnecting...
2019-01-31 17:55:55.421 [INFO ] [EventThread] MainViewController - Reconnecting...
2019-01-31 17:56:00.431 [INFO ] [EventThread] MainViewController - Reconnecting...
2019-01-31 17:56:05.443 [INFO ] [EventThread] MainViewController - Reconnecting...
2019-01-31 17:56:10.453 [INFO ] [EventThread] MainViewController - Reconnecting...
2019-01-31 17:56:15.460 [INFO ] [EventThread] MainViewController - Reconnecting...
2019-01-31 17:56:20.465 [INFO ] [EventThread] MainViewController - Reconnecting...
2019-01-31 17:56:25.475 [INFO ] [EventThread] MainViewController - Reconnecting...
2019-01-31 17:56:30.480 [INFO ] [EventThread] MainViewController - Reconnecting...
2019-01-31 17:56:35.492 [INFO ] [EventThread] MainViewController - Reconnecting...
2019-01-31 17:56:40.497 [INFO ] [EventThread] MainViewController - Reconnecting...
2019-01-31 17:56:45.506 [INFO ] [EventThread] MainViewController - Reconnecting...
2019-01-31 17:56:50.514 [INFO ] [EventThread] MainViewController - Reconnecting...
2019-01-31 17:56:55.524 [INFO ] [EventThread] MainViewController - Reconnecting...
2019-01-31 17:57:00.530 [INFO ] [EventThread] MainViewController - Reconnecting...
2019-01-31 17:57:05.540 [INFO ] [EventThread] MainViewController - Reconnecting...
2019-01-31 17:57:10.549 [INFO ] [EventThread] MainViewController - Reconnecting...
2019-01-31 17:57:15.559 [INFO ] [EventThread] MainViewController - Reconnecting...
2019-01-31 17:57:20.570 [INFO ] [EventThread] MainViewController - Reconnecting...
2019-01-31 17:57:25.578 [INFO ] [EventThread] MainViewController - Reconnecting...
2019-01-31 17:57:25.602 [INFO ] [EventThread] MainViewController - Connected to the web server. Authorising...
2019-01-31 17:57:25.994 [INFO ] [EventThread] MainViewController - Authorised!
2019-01-31 17:57:32.261 [INFO ] [EventThread] MainViewController - Disconnected
2019-01-31 17:57:33.539 [INFO ] [EventThread] MainViewController - Reconnecting...
2019-01-31 17:57:36.148 [INFO ] [EventThread] MainViewController - Reconnecting...
2019-01-31 17:57:38.444 [INFO ] [EventThread] MainViewController - Reconnecting...
2019-01-31 17:57:43.450 [INFO ] [EventThread] MainViewController - Reconnecting...
2019-01-31 17:57:48.461 [INFO ] [EventThread] MainViewController - Reconnecting...
2019-01-31 17:57:53.471 [INFO ] [EventThread] MainViewController - Reconnecting...
2019-01-31 17:57:58.477 [INFO ] [EventThread] MainViewController - Reconnecting...
2019-01-31 17:58:03.482 [INFO ] [EventThread] MainViewController - Reconnecting...
2019-01-31 17:58:03.508 [INFO ] [EventThread] MainViewController - Connected to the web server. Authorising...
2019-01-31 17:58:03.657 [INFO ] [EventThread] MainViewController - Authorised!
2019-01-31 18:05:49.402 [INFO ] [EventThread] MainViewController - Disconnected
2019-01-31 18:05:50.374 [INFO ] [EventThread] MainViewController - Reconnecting...
2019-01-31 18:05:50.396 [INFO ] [EventThread] MainViewController - Connected to the web server. Authorising...
2019-01-31 18:05:50.915 [INFO ] [EventThread] MainViewController - Authorised!
2019-01-31 18:05:54.712 [INFO ] [EventThread] MainViewController - Disconnected
2019-01-31 18:05:55.670 [INFO ] [EventThread] MainViewController - Reconnecting...
2019-01-31 18:05:57.061 [INFO ] [EventThread] MainViewController - Reconnecting...
2019-01-31 18:06:00.990 [INFO ] [EventThread] MainViewController - Reconnecting...
2019-01-31 18:06:05.996 [INFO ] [EventThread] MainViewController - Reconnecting...
2019-01-31 18:06:11.007 [INFO ] [EventThread] MainViewController - Reconnecting...
2019-01-31 18:06:16.014 [INFO ] [EventThread] MainViewController - Reconnecting...
2019-01-31 18:06:21.019 [INFO ] [EventThread] MainViewController - Reconnecting...
2019-01-31 18:06:26.027 [INFO ] [EventThread] MainViewController - Reconnecting...
2019-01-31 18:06:31.036 [INFO ] [EventThread] MainViewController - Reconnecting...
2019-01-31 18:06:36.043 [INFO ] [EventThread] MainViewController - Reconnecting...
2019-01-31 18:06:41.047 [INFO ] [EventThread] MainViewController - Reconnecting...
2019-01-31 18:06:46.056 [INFO ] [EventThread] MainViewController - Reconnecting...
2019-01-31 18:06:51.064 [INFO ] [EventThread] MainViewController - Reconnecting...
2019-01-31 18:06:56.069 [INFO ] [EventThread] MainViewController - Reconnecting...
2019-01-31 18:07:01.078 [INFO ] [EventThread] MainViewController - Reconnecting...
2019-01-31 18:07:06.082 [INFO ] [EventThread] MainViewController - Reconnecting...
2019-01-31 18:07:11.088 [INFO ] [EventThread] MainViewController - Reconnecting...
2019-01-31 18:07:16.094 [INFO ] [EventThread] MainViewController - Reconnecting...
2019-01-31 18:07:21.102 [INFO ] [EventThread] MainViewController - Reconnecting...
2019-01-31 18:07:26.112 [INFO ] [EventThread] MainViewController - Reconnecting...
2019-01-31 18:07:31.118 [INFO ] [EventThread] MainViewController - Reconnecting...
2019-01-31 18:07:36.125 [INFO ] [EventThread] MainViewController - Reconnecting...
2019-01-31 18:07:41.134 [INFO ] [EventThread] MainViewController - Reconnecting...
2019-01-31 18:07:46.143 [INFO ] [EventThread] MainViewController - Reconnecting...
2019-01-31 18:07:51.151 [INFO ] [EventThread] MainViewController - Reconnecting...
2019-01-31 18:07:56.161 [INFO ] [EventThread] MainViewController - Reconnecting...
2019-01-31 18:08:01.171 [INFO ] [EventThread] MainViewController - Reconnecting...
2019-01-31 18:08:06.179 [INFO ] [EventThread] MainViewController - Reconnecting...
2019-01-31 18:08:11.200 [INFO ] [EventThread] MainViewController - Reconnecting...
2019-01-31 18:08:16.219 [INFO ] [EventThread] MainViewController - Reconnecting...
2019-01-31 18:08:21.233 [INFO ] [EventThread] MainViewController - Reconnecting...
2019-01-31 18:08:26.247 [INFO ] [EventThread] MainViewController - Reconnecting...
2019-01-31 18:08:31.257 [INFO ] [EventThread] MainViewController - Reconnecting...
2019-01-31 18:08:36.266 [INFO ] [EventThread] MainViewController - Reconnecting...
2019-01-31 18:08:41.277 [INFO ] [EventThread] MainViewController - Reconnecting...
2019-01-31 18:08:46.290 [INFO ] [EventThread] MainViewController - Reconnecting...
2019-01-31 18:08:51.296 [INFO ] [EventThread] MainViewController - Reconnecting...
2019-01-31 18:08:56.305 [INFO ] [EventThread] MainViewController - Reconnecting...
2019-01-31 18:09:01.313 [INFO ] [EventThread] MainViewController - Reconnecting...
2019-01-31 18:09:06.322 [INFO ] [EventThread] MainViewController - Reconnecting...
2019-01-31 18:09:11.332 [INFO ] [EventThread] MainViewController - Reconnecting...
2019-01-31 18:09:16.337 [INFO ] [EventThread] MainViewController - Reconnecting...
2019-01-31 18:09:21.346 [INFO ] [EventThread] MainViewController - Reconnecting...
2019-01-31 18:09:26.356 [INFO ] [EventThread] MainViewController - Reconnecting...
2019-01-31 18:09:31.367 [INFO ] [EventThread] MainViewController - Reconnecting...
2019-01-31 18:09:36.375 [INFO ] [EventThread] MainViewController - Reconnecting...
2019-01-31 18:09:41.383 [INFO ] [EventThread] MainViewController - Reconnecting...
2019-01-31 18:09:41.400 [INFO ] [EventThread] MainViewController - Connected to the web server. Authorising...
2019-01-31 18:09:41.577 [INFO ] [EventThread] MainViewController - Authorised!
